{"/Users/sarmay/Desktop/converter/index.js":{"path":"/Users/sarmay/Desktop/converter/index.js","s":{"1":1,"2":0,"3":1},"b":{"1":[0,1]},"f":{},"fnMap":{},"statementMap":{"1":{"start":{"line":1,"column":0},"end":{"line":5,"column":1}},"2":{"start":{"line":2,"column":2},"end":{"line":2,"column":49}},"3":{"start":{"line":4,"column":2},"end":{"line":4,"column":45}}},"branchMap":{"1":{"line":1,"type":"if","locations":[{"start":{"line":1,"column":0},"end":{"line":1,"column":0}},{"start":{"line":1,"column":0},"end":{"line":1,"column":0}}]}}},"/Users/sarmay/Desktop/converter/dist/index.js":{"path":"/Users/sarmay/Desktop/converter/dist/index.js","s":{"1":1,"2":1,"3":1,"4":0,"5":0,"6":0,"7":0,"8":0,"9":1,"10":1,"11":1,"12":65,"13":65,"14":1516,"15":65,"16":1,"17":1,"18":1,"19":1,"20":1,"21":22,"22":22,"23":1,"24":1,"25":1,"26":3,"27":1,"28":1,"29":21,"30":21,"31":21,"32":9,"33":12,"34":12,"35":12,"36":12,"37":12,"38":12,"39":21,"40":1,"41":1,"42":21,"43":21,"44":21,"45":9,"46":21,"47":13,"48":21,"49":1,"50":1,"51":1,"52":3,"53":1,"54":1,"55":21,"56":21,"57":21,"58":9,"59":12,"60":12,"61":12,"62":12,"63":21,"64":1,"65":1,"66":1,"67":1,"68":1,"69":1,"70":1,"71":1,"72":1,"73":1,"74":1,"75":1,"76":1,"77":1,"78":1,"79":1,"80":1,"81":1,"82":0,"83":1,"84":1,"85":1,"86":1,"87":1,"88":1,"89":1,"90":1,"91":1,"92":1,"93":2,"94":1,"95":1,"96":1,"97":1,"98":1,"99":1,"100":1,"101":1,"102":4,"103":4,"104":4,"105":12,"106":12,"107":12,"108":12,"109":12,"110":4,"111":12,"112":4,"113":1,"114":4,"115":0,"116":4,"117":0,"118":4,"119":0,"120":4,"121":0,"122":1,"123":4,"124":4,"125":4,"126":4,"127":4,"128":0,"129":4,"130":4,"131":0,"132":4,"133":1,"134":3,"135":1,"136":2,"137":1,"138":1,"139":1,"140":0,"141":1,"142":1},"b":{"1":[1,0],"2":[1,1],"3":[0,0],"4":[0,0],"5":[0,0],"6":[65,1],"7":[4,18],"8":[22,11],"9":[9,12],"10":[9,12],"11":[0,1],"12":[1,0],"13":[1,1],"14":[12,0],"15":[4,8],"16":[0,4],"17":[0,4],"18":[4,4,4],"19":[0,4],"20":[0,4],"21":[4,0],"22":[4,0],"23":[0,4],"24":[0,4],"25":[4,4],"26":[1,3],"27":[4,2],"28":[1,2],"29":[3,1],"30":[1,1],"31":[2,1],"32":[1,0],"33":[1,1]},"f":{"1":1,"2":1,"3":65,"4":1,"5":22,"6":22,"7":1,"8":1,"9":3,"10":21,"11":1,"12":21,"13":9,"14":13,"15":1,"16":3,"17":21,"18":1,"19":1,"20":4,"21":4,"22":4},"fnMap":{"1":{"name":"webpackUniversalModuleDefinition","line":1,"loc":{"start":{"line":1,"column":1},"end":{"line":1,"column":58}}},"2":{"name":"(anonymous_2)","line":10,"loc":{"start":{"line":10,"column":9},"end":{"line":10,"column":20}}},"3":{"name":"replaceStr","line":18,"loc":{"start":{"line":18,"column":0},"end":{"line":18,"column":33}}},"4":{"name":"(anonymous_4)","line":30,"loc":{"start":{"line":30,"column":18},"end":{"line":30,"column":22}}},"5":{"name":"(anonymous_5)","line":33,"loc":{"start":{"line":33,"column":30},"end":{"line":33,"column":43}}},"6":{"name":"b","line":34,"loc":{"start":{"line":34,"column":6},"end":{"line":34,"column":21}}},"7":{"name":"(anonymous_7)","line":41,"loc":{"start":{"line":41,"column":18},"end":{"line":41,"column":22}}},"8":{"name":"initials","line":42,"loc":{"start":{"line":42,"column":4},"end":{"line":42,"column":28}}},"9":{"name":"(anonymous_9)","line":44,"loc":{"start":{"line":44,"column":131},"end":{"line":44,"column":146}}},"10":{"name":"(anonymous_10)","line":50,"loc":{"start":{"line":50,"column":27},"end":{"line":50,"column":42}}},"11":{"name":"(anonymous_11)","line":69,"loc":{"start":{"line":69,"column":15},"end":{"line":69,"column":19}}},"12":{"name":"repair","line":70,"loc":{"start":{"line":70,"column":4},"end":{"line":70,"column":26}}},"13":{"name":"(anonymous_13)","line":75,"loc":{"start":{"line":75,"column":8},"end":{"line":75,"column":23}}},"14":{"name":"(anonymous_14)","line":81,"loc":{"start":{"line":81,"column":8},"end":{"line":81,"column":23}}},"15":{"name":"initials","line":91,"loc":{"start":{"line":91,"column":4},"end":{"line":91,"column":28}}},"16":{"name":"(anonymous_16)","line":93,"loc":{"start":{"line":93,"column":131},"end":{"line":93,"column":146}}},"17":{"name":"(anonymous_17)","line":99,"loc":{"start":{"line":99,"column":27},"end":{"line":99,"column":42}}},"18":{"name":"(anonymous_18)","line":115,"loc":{"start":{"line":115,"column":17},"end":{"line":115,"column":21}}},"19":{"name":"__webpack_require__","line":145,"loc":{"start":{"line":145,"column":10},"end":{"line":145,"column":49}}},"20":{"name":"typeJudgment","line":196,"loc":{"start":{"line":196,"column":0},"end":{"line":196,"column":31}}},"21":{"name":"checkLegitimacy","line":219,"loc":{"start":{"line":219,"column":0},"end":{"line":219,"column":44}}},"22":{"name":"conversion","line":237,"loc":{"start":{"line":237,"column":0},"end":{"line":237,"column":64}}}},"statementMap":{"1":{"start":{"line":1,"column":0},"end":{"line":270,"column":3}},"2":{"start":{"line":2,"column":1},"end":{"line":9,"column":38}},"3":{"start":{"line":3,"column":2},"end":{"line":3,"column":29}},"4":{"start":{"line":4,"column":6},"end":{"line":9,"column":38}},"5":{"start":{"line":5,"column":2},"end":{"line":5,"column":22}},"6":{"start":{"line":6,"column":6},"end":{"line":9,"column":38}},"7":{"start":{"line":7,"column":2},"end":{"line":7,"column":41}},"8":{"start":{"line":9,"column":2},"end":{"line":9,"column":38}},"9":{"start":{"line":11,"column":0},"end":{"line":269,"column":1}},"10":{"start":{"line":12,"column":10},"end":{"line":139,"column":13}},"11":{"start":{"line":18,"column":0},"end":{"line":24,"column":1}},"12":{"start":{"line":19,"column":2},"end":{"line":19,"column":14}},"13":{"start":{"line":20,"column":2},"end":{"line":22,"column":3}},"14":{"start":{"line":21,"column":4},"end":{"line":21,"column":44}},"15":{"start":{"line":23,"column":2},"end":{"line":23,"column":10}},"16":{"start":{"line":27,"column":0},"end":{"line":27,"column":183}},"17":{"start":{"line":31,"column":4},"end":{"line":31,"column":493}},"18":{"start":{"line":32,"column":4},"end":{"line":32,"column":31}},"19":{"start":{"line":33,"column":4},"end":{"line":38,"column":6}},"20":{"start":{"line":34,"column":6},"end":{"line":36,"column":7}},"21":{"start":{"line":35,"column":8},"end":{"line":35,"column":39}},"22":{"start":{"line":37,"column":6},"end":{"line":37,"column":98}},"23":{"start":{"line":42,"column":4},"end":{"line":48,"column":5}},"24":{"start":{"line":43,"column":6},"end":{"line":43,"column":29}},"25":{"start":{"line":44,"column":6},"end":{"line":46,"column":8}},"26":{"start":{"line":45,"column":8},"end":{"line":45,"column":32}},"27":{"start":{"line":47,"column":6},"end":{"line":47,"column":16}},"28":{"start":{"line":50,"column":4},"end":{"line":65,"column":6}},"29":{"start":{"line":51,"column":6},"end":{"line":51,"column":176}},"30":{"start":{"line":52,"column":6},"end":{"line":52,"column":176}},"31":{"start":{"line":54,"column":6},"end":{"line":63,"column":7}},"32":{"start":{"line":55,"column":8},"end":{"line":55,"column":40}},"33":{"start":{"line":57,"column":8},"end":{"line":57,"column":40}},"34":{"start":{"line":58,"column":8},"end":{"line":58,"column":35}},"35":{"start":{"line":59,"column":8},"end":{"line":59,"column":35}},"36":{"start":{"line":60,"column":8},"end":{"line":60,"column":35}},"37":{"start":{"line":61,"column":8},"end":{"line":61,"column":35}},"38":{"start":{"line":62,"column":8},"end":{"line":62,"column":40}},"39":{"start":{"line":64,"column":6},"end":{"line":64,"column":16}},"40":{"start":{"line":66,"column":4},"end":{"line":66,"column":22}},"41":{"start":{"line":70,"column":4},"end":{"line":90,"column":5}},"42":{"start":{"line":71,"column":6},"end":{"line":71,"column":82}},"43":{"start":{"line":72,"column":6},"end":{"line":72,"column":38}},"44":{"start":{"line":73,"column":6},"end":{"line":78,"column":7}},"45":{"start":{"line":76,"column":10},"end":{"line":76,"column":48}},"46":{"start":{"line":79,"column":6},"end":{"line":84,"column":7}},"47":{"start":{"line":82,"column":10},"end":{"line":82,"column":45}},"48":{"start":{"line":85,"column":6},"end":{"line":89,"column":7}},"49":{"start":{"line":91,"column":4},"end":{"line":97,"column":5}},"50":{"start":{"line":92,"column":6},"end":{"line":92,"column":29}},"51":{"start":{"line":93,"column":6},"end":{"line":95,"column":8}},"52":{"start":{"line":94,"column":8},"end":{"line":94,"column":32}},"53":{"start":{"line":96,"column":6},"end":{"line":96,"column":16}},"54":{"start":{"line":99,"column":4},"end":{"line":111,"column":6}},"55":{"start":{"line":100,"column":6},"end":{"line":100,"column":176}},"56":{"start":{"line":101,"column":6},"end":{"line":101,"column":182}},"57":{"start":{"line":102,"column":6},"end":{"line":109,"column":7}},"58":{"start":{"line":103,"column":8},"end":{"line":103,"column":40}},"59":{"start":{"line":105,"column":8},"end":{"line":105,"column":40}},"60":{"start":{"line":106,"column":8},"end":{"line":106,"column":44}},"61":{"start":{"line":107,"column":8},"end":{"line":107,"column":41}},"62":{"start":{"line":108,"column":8},"end":{"line":108,"column":40}},"63":{"start":{"line":110,"column":6},"end":{"line":110,"column":24}},"64":{"start":{"line":112,"column":4},"end":{"line":112,"column":22}},"65":{"start":{"line":116,"column":4},"end":{"line":116,"column":47}},"66":{"start":{"line":117,"column":4},"end":{"line":117,"column":68}},"67":{"start":{"line":118,"column":4},"end":{"line":121,"column":5}},"68":{"start":{"line":122,"column":4},"end":{"line":122,"column":52}},"69":{"start":{"line":123,"column":4},"end":{"line":123,"column":52}},"70":{"start":{"line":124,"column":4},"end":{"line":124,"column":37}},"71":{"start":{"line":125,"column":4},"end":{"line":125,"column":37}},"72":{"start":{"line":126,"column":4},"end":{"line":126,"column":35}},"73":{"start":{"line":127,"column":4},"end":{"line":127,"column":35}},"74":{"start":{"line":128,"column":4},"end":{"line":128,"column":32}},"75":{"start":{"line":129,"column":4},"end":{"line":129,"column":32}},"76":{"start":{"line":130,"column":4},"end":{"line":130,"column":12}},"77":{"start":{"line":134,"column":0},"end":{"line":134,"column":26}},"78":{"start":{"line":142,"column":10},"end":{"line":142,"column":44}},"79":{"start":{"line":145,"column":10},"end":{"line":163,"column":11}},"80":{"start":{"line":147,"column":11},"end":{"line":147,"column":65}},"81":{"start":{"line":148,"column":11},"end":{"line":150,"column":12}},"82":{"start":{"line":149,"column":12},"end":{"line":149,"column":40}},"83":{"start":{"line":152,"column":11},"end":{"line":156,"column":13}},"84":{"start":{"line":159,"column":11},"end":{"line":159,"column":86}},"85":{"start":{"line":162,"column":11},"end":{"line":162,"column":33}},"86":{"start":{"line":167,"column":10},"end":{"line":176,"column":15}},"87":{"start":{"line":169,"column":11},"end":{"line":175,"column":13}},"88":{"start":{"line":170,"column":12},"end":{"line":174,"column":13}},"89":{"start":{"line":171,"column":13},"end":{"line":173,"column":14}},"90":{"start":{"line":172,"column":14},"end":{"line":172,"column":94}},"91":{"start":{"line":179,"column":10},"end":{"line":181,"column":15}},"92":{"start":{"line":180,"column":11},"end":{"line":180,"column":99}},"93":{"start":{"line":180,"column":51},"end":{"line":180,"column":98}},"94":{"start":{"line":184,"column":0},"end":{"line":184,"column":29}},"95":{"start":{"line":186,"column":0},"end":{"line":264,"column":5}},"96":{"start":{"line":187,"column":0},"end":{"line":187,"column":13}},"97":{"start":{"line":188,"column":21},"end":{"line":190,"column":24}},"98":{"start":{"line":189,"column":55},"end":{"line":189,"column":65}},"99":{"start":{"line":191,"column":0},"end":{"line":191,"column":42}},"100":{"start":{"line":193,"column":0},"end":{"line":193,"column":90}},"101":{"start":{"line":196,"column":0},"end":{"line":216,"column":1}},"102":{"start":{"line":197,"column":2},"end":{"line":201,"column":3}},"103":{"start":{"line":202,"column":2},"end":{"line":202,"column":26}},"104":{"start":{"line":203,"column":2},"end":{"line":213,"column":3}},"105":{"start":{"line":204,"column":4},"end":{"line":212,"column":5}},"106":{"start":{"line":205,"column":6},"end":{"line":205,"column":30}},"107":{"start":{"line":206,"column":6},"end":{"line":206,"column":39}},"108":{"start":{"line":207,"column":6},"end":{"line":207,"column":48}},"109":{"start":{"line":208,"column":6},"end":{"line":211,"column":8}},"110":{"start":{"line":214,"column":2},"end":{"line":214,"column":49}},"111":{"start":{"line":214,"column":31},"end":{"line":214,"column":48}},"112":{"start":{"line":215,"column":2},"end":{"line":215,"column":29}},"113":{"start":{"line":219,"column":0},"end":{"line":235,"column":1}},"114":{"start":{"line":221,"column":2},"end":{"line":223,"column":3}},"115":{"start":{"line":222,"column":4},"end":{"line":222,"column":72}},"116":{"start":{"line":225,"column":2},"end":{"line":227,"column":3}},"117":{"start":{"line":226,"column":4},"end":{"line":226,"column":67}},"118":{"start":{"line":229,"column":2},"end":{"line":231,"column":3}},"119":{"start":{"line":230,"column":4},"end":{"line":230,"column":69}},"120":{"start":{"line":232,"column":2},"end":{"line":234,"column":3}},"121":{"start":{"line":233,"column":4},"end":{"line":233,"column":98}},"122":{"start":{"line":237,"column":0},"end":{"line":262,"column":1}},"123":{"start":{"line":239,"column":2},"end":{"line":239,"column":35}},"124":{"start":{"line":241,"column":2},"end":{"line":241,"column":22}},"125":{"start":{"line":242,"column":2},"end":{"line":244,"column":3}},"126":{"start":{"line":243,"column":4},"end":{"line":243,"column":36}},"127":{"start":{"line":245,"column":2},"end":{"line":245,"column":37}},"128":{"start":{"line":245,"column":24},"end":{"line":245,"column":37}},"129":{"start":{"line":246,"column":2},"end":{"line":246,"column":50}},"130":{"start":{"line":247,"column":2},"end":{"line":247,"column":76}},"131":{"start":{"line":247,"column":63},"end":{"line":247,"column":76}},"132":{"start":{"line":248,"column":2},"end":{"line":250,"column":3}},"133":{"start":{"line":249,"column":4},"end":{"line":249,"column":34}},"134":{"start":{"line":251,"column":2},"end":{"line":253,"column":3}},"135":{"start":{"line":252,"column":4},"end":{"line":252,"column":34}},"136":{"start":{"line":254,"column":2},"end":{"line":256,"column":3}},"137":{"start":{"line":255,"column":4},"end":{"line":255,"column":31}},"138":{"start":{"line":257,"column":2},"end":{"line":259,"column":3}},"139":{"start":{"line":258,"column":4},"end":{"line":258,"column":33}},"140":{"start":{"line":261,"column":2},"end":{"line":261,"column":15}},"141":{"start":{"line":266,"column":0},"end":{"line":266,"column":50}},"142":{"start":{"line":267,"column":10},"end":{"line":267,"column":37}}},"branchMap":{"1":{"line":2,"type":"if","locations":[{"start":{"line":2,"column":1},"end":{"line":2,"column":1}},{"start":{"line":2,"column":1},"end":{"line":2,"column":1}}]},"2":{"line":2,"type":"binary-expr","locations":[{"start":{"line":2,"column":4},"end":{"line":2,"column":31}},{"start":{"line":2,"column":35},"end":{"line":2,"column":61}}]},"3":{"line":4,"type":"if","locations":[{"start":{"line":4,"column":6},"end":{"line":4,"column":6}},{"start":{"line":4,"column":6},"end":{"line":4,"column":6}}]},"4":{"line":4,"type":"binary-expr","locations":[{"start":{"line":4,"column":9},"end":{"line":4,"column":37}},{"start":{"line":4,"column":41},"end":{"line":4,"column":51}}]},"5":{"line":6,"type":"if","locations":[{"start":{"line":6,"column":6},"end":{"line":6,"column":6}},{"start":{"line":6,"column":6},"end":{"line":6,"column":6}}]},"6":{"line":19,"type":"binary-expr","locations":[{"start":{"line":19,"column":6},"end":{"line":19,"column":7}},{"start":{"line":19,"column":11},"end":{"line":19,"column":14}}]},"7":{"line":37,"type":"cond-expr","locations":[{"start":{"line":37,"column":81},"end":{"line":37,"column":91}},{"start":{"line":37,"column":94},"end":{"line":37,"column":98}}]},"8":{"line":37,"type":"binary-expr","locations":[{"start":{"line":37,"column":14},"end":{"line":37,"column":37}},{"start":{"line":37,"column":41},"end":{"line":37,"column":77}}]},"9":{"line":54,"type":"if","locations":[{"start":{"line":54,"column":6},"end":{"line":54,"column":6}},{"start":{"line":54,"column":6},"end":{"line":54,"column":6}}]},"10":{"line":102,"type":"if","locations":[{"start":{"line":102,"column":6},"end":{"line":102,"column":6}},{"start":{"line":102,"column":6},"end":{"line":102,"column":6}}]},"11":{"line":148,"type":"if","locations":[{"start":{"line":148,"column":11},"end":{"line":148,"column":11}},{"start":{"line":148,"column":11},"end":{"line":148,"column":11}}]},"12":{"line":171,"type":"if","locations":[{"start":{"line":171,"column":13},"end":{"line":171,"column":13}},{"start":{"line":171,"column":13},"end":{"line":171,"column":13}}]},"13":{"line":171,"type":"binary-expr","locations":[{"start":{"line":171,"column":16},"end":{"line":171,"column":54}},{"start":{"line":171,"column":58},"end":{"line":171,"column":94}}]},"14":{"line":204,"type":"if","locations":[{"start":{"line":204,"column":4},"end":{"line":204,"column":4}},{"start":{"line":204,"column":4},"end":{"line":204,"column":4}}]},"15":{"line":207,"type":"cond-expr","locations":[{"start":{"line":207,"column":30},"end":{"line":207,"column":44}},{"start":{"line":207,"column":47},"end":{"line":207,"column":48}}]},"16":{"line":221,"type":"if","locations":[{"start":{"line":221,"column":2},"end":{"line":221,"column":2}},{"start":{"line":221,"column":2},"end":{"line":221,"column":2}}]},"17":{"line":225,"type":"if","locations":[{"start":{"line":225,"column":2},"end":{"line":225,"column":2}},{"start":{"line":225,"column":2},"end":{"line":225,"column":2}}]},"18":{"line":225,"type":"binary-expr","locations":[{"start":{"line":225,"column":6},"end":{"line":225,"column":13}},{"start":{"line":225,"column":18},"end":{"line":225,"column":24}},{"start":{"line":225,"column":28},"end":{"line":225,"column":42}}]},"19":{"line":229,"type":"if","locations":[{"start":{"line":229,"column":2},"end":{"line":229,"column":2}},{"start":{"line":229,"column":2},"end":{"line":229,"column":2}}]},"20":{"line":232,"type":"if","locations":[{"start":{"line":232,"column":2},"end":{"line":232,"column":2}},{"start":{"line":232,"column":2},"end":{"line":232,"column":2}}]},"21":{"line":232,"type":"binary-expr","locations":[{"start":{"line":232,"column":6},"end":{"line":232,"column":10}},{"start":{"line":232,"column":14},"end":{"line":232,"column":61}}]},"22":{"line":242,"type":"if","locations":[{"start":{"line":242,"column":2},"end":{"line":242,"column":2}},{"start":{"line":242,"column":2},"end":{"line":242,"column":2}}]},"23":{"line":245,"type":"if","locations":[{"start":{"line":245,"column":2},"end":{"line":245,"column":2}},{"start":{"line":245,"column":2},"end":{"line":245,"column":2}}]},"24":{"line":247,"type":"if","locations":[{"start":{"line":247,"column":2},"end":{"line":247,"column":2}},{"start":{"line":247,"column":2},"end":{"line":247,"column":2}}]},"25":{"line":247,"type":"binary-expr","locations":[{"start":{"line":247,"column":6},"end":{"line":247,"column":35}},{"start":{"line":247,"column":39},"end":{"line":247,"column":61}}]},"26":{"line":248,"type":"if","locations":[{"start":{"line":248,"column":2},"end":{"line":248,"column":2}},{"start":{"line":248,"column":2},"end":{"line":248,"column":2}}]},"27":{"line":248,"type":"binary-expr","locations":[{"start":{"line":248,"column":6},"end":{"line":248,"column":23}},{"start":{"line":248,"column":27},"end":{"line":248,"column":49}}]},"28":{"line":251,"type":"if","locations":[{"start":{"line":251,"column":2},"end":{"line":251,"column":2}},{"start":{"line":251,"column":2},"end":{"line":251,"column":2}}]},"29":{"line":251,"type":"binary-expr","locations":[{"start":{"line":251,"column":6},"end":{"line":251,"column":21}},{"start":{"line":251,"column":25},"end":{"line":251,"column":49}}]},"30":{"line":254,"type":"if","locations":[{"start":{"line":254,"column":2},"end":{"line":254,"column":2}},{"start":{"line":254,"column":2},"end":{"line":254,"column":2}}]},"31":{"line":254,"type":"binary-expr","locations":[{"start":{"line":254,"column":6},"end":{"line":254,"column":20}},{"start":{"line":254,"column":24},"end":{"line":254,"column":46}}]},"32":{"line":257,"type":"if","locations":[{"start":{"line":257,"column":2},"end":{"line":257,"column":2}},{"start":{"line":257,"column":2},"end":{"line":257,"column":2}}]},"33":{"line":257,"type":"binary-expr","locations":[{"start":{"line":257,"column":6},"end":{"line":257,"column":23}},{"start":{"line":257,"column":27},"end":{"line":257,"column":48}}]}}}}