TN:
SF:/Users/sarmay/Desktop/converter/index.js
FNF:0
FNH:0
DA:1,1
DA:2,0
DA:4,1
LF:3
LH:2
BRDA:1,1,0,0
BRDA:1,1,1,1
BRF:2
BRH:1
end_of_record
TN:
SF:/Users/sarmay/Desktop/converter/dist/index.js
FN:1,webpackUniversalModuleDefinition
FN:10,(anonymous_2)
FN:18,replaceStr
FN:30,(anonymous_4)
FN:33,(anonymous_5)
FN:34,b
FN:41,(anonymous_7)
FN:42,initials
FN:44,(anonymous_9)
FN:50,(anonymous_10)
FN:69,(anonymous_11)
FN:70,repair
FN:75,(anonymous_13)
FN:81,(anonymous_14)
FN:91,initials
FN:93,(anonymous_16)
FN:99,(anonymous_17)
FN:115,(anonymous_18)
FN:145,__webpack_require__
FN:196,typeJudgment
FN:219,checkLegitimacy
FN:237,conversion
FNF:22
FNH:22
FNDA:1,webpackUniversalModuleDefinition
FNDA:1,(anonymous_2)
FNDA:65,replaceStr
FNDA:1,(anonymous_4)
FNDA:22,(anonymous_5)
FNDA:22,b
FNDA:1,(anonymous_7)
FNDA:1,initials
FNDA:3,(anonymous_9)
FNDA:21,(anonymous_10)
FNDA:1,(anonymous_11)
FNDA:21,repair
FNDA:9,(anonymous_13)
FNDA:13,(anonymous_14)
FNDA:1,initials
FNDA:3,(anonymous_16)
FNDA:21,(anonymous_17)
FNDA:1,(anonymous_18)
FNDA:1,__webpack_require__
FNDA:4,typeJudgment
FNDA:4,checkLegitimacy
FNDA:4,conversion
DA:1,1
DA:2,1
DA:3,1
DA:4,0
DA:5,0
DA:6,0
DA:7,0
DA:9,0
DA:11,1
DA:12,1
DA:18,1
DA:19,65
DA:20,65
DA:21,1516
DA:23,65
DA:27,1
DA:31,1
DA:32,1
DA:33,1
DA:34,1
DA:35,22
DA:37,22
DA:42,1
DA:43,1
DA:44,1
DA:45,3
DA:47,1
DA:50,1
DA:51,21
DA:52,21
DA:54,21
DA:55,9
DA:57,12
DA:58,12
DA:59,12
DA:60,12
DA:61,12
DA:62,12
DA:64,21
DA:66,1
DA:70,1
DA:71,21
DA:72,21
DA:73,21
DA:76,9
DA:79,21
DA:82,13
DA:85,21
DA:91,1
DA:92,1
DA:93,1
DA:94,3
DA:96,1
DA:99,1
DA:100,21
DA:101,21
DA:102,21
DA:103,9
DA:105,12
DA:106,12
DA:107,12
DA:108,12
DA:110,21
DA:112,1
DA:116,1
DA:117,1
DA:118,1
DA:122,1
DA:123,1
DA:124,1
DA:125,1
DA:126,1
DA:127,1
DA:128,1
DA:129,1
DA:130,1
DA:134,1
DA:142,1
DA:145,1
DA:147,1
DA:148,1
DA:149,0
DA:152,1
DA:159,1
DA:162,1
DA:167,1
DA:169,1
DA:170,1
DA:171,1
DA:172,1
DA:179,1
DA:180,2
DA:184,1
DA:186,1
DA:187,1
DA:188,1
DA:189,1
DA:191,1
DA:193,1
DA:196,1
DA:197,4
DA:202,4
DA:203,4
DA:204,12
DA:205,12
DA:206,12
DA:207,12
DA:208,12
DA:214,12
DA:215,4
DA:219,1
DA:221,4
DA:222,0
DA:225,4
DA:226,0
DA:229,4
DA:230,0
DA:232,4
DA:233,0
DA:237,1
DA:239,4
DA:241,4
DA:242,4
DA:243,4
DA:245,4
DA:246,4
DA:247,4
DA:248,4
DA:249,1
DA:251,3
DA:252,1
DA:254,2
DA:255,1
DA:257,1
DA:258,1
DA:261,0
DA:266,1
DA:267,1
LF:138
LH:127
BRDA:2,1,0,1
BRDA:2,1,1,0
BRDA:2,2,0,1
BRDA:2,2,1,1
BRDA:4,3,0,0
BRDA:4,3,1,0
BRDA:4,4,0,0
BRDA:4,4,1,0
BRDA:6,5,0,0
BRDA:6,5,1,0
BRDA:19,6,0,65
BRDA:19,6,1,1
BRDA:37,7,0,4
BRDA:37,7,1,18
BRDA:37,8,0,22
BRDA:37,8,1,11
BRDA:54,9,0,9
BRDA:54,9,1,12
BRDA:102,10,0,9
BRDA:102,10,1,12
BRDA:148,11,0,0
BRDA:148,11,1,1
BRDA:171,12,0,1
BRDA:171,12,1,0
BRDA:171,13,0,1
BRDA:171,13,1,1
BRDA:204,14,0,12
BRDA:204,14,1,0
BRDA:207,15,0,4
BRDA:207,15,1,8
BRDA:221,16,0,0
BRDA:221,16,1,4
BRDA:225,17,0,0
BRDA:225,17,1,4
BRDA:225,18,0,4
BRDA:225,18,1,4
BRDA:225,18,2,4
BRDA:229,19,0,0
BRDA:229,19,1,4
BRDA:232,20,0,0
BRDA:232,20,1,4
BRDA:232,21,0,4
BRDA:232,21,1,0
BRDA:242,22,0,4
BRDA:242,22,1,0
BRDA:245,23,0,0
BRDA:245,23,1,4
BRDA:247,24,0,0
BRDA:247,24,1,4
BRDA:247,25,0,4
BRDA:247,25,1,4
BRDA:248,26,0,1
BRDA:248,26,1,3
BRDA:248,27,0,4
BRDA:248,27,1,2
BRDA:251,28,0,1
BRDA:251,28,1,2
BRDA:251,29,0,3
BRDA:251,29,1,1
BRDA:254,30,0,1
BRDA:254,30,1,1
BRDA:254,31,0,2
BRDA:254,31,1,1
BRDA:257,32,0,1
BRDA:257,32,1,0
BRDA:257,33,0,1
BRDA:257,33,1,1
BRF:67
BRH:48
end_of_record
